#
# There is insufficient memory for the Java Runtime Environment to continue.
# Native memory allocation (mmap) failed to map 123731968 bytes for G1 virtual space
# Possible reasons:
#   The system is out of physical RAM or swap space
#   The process is running with CompressedOops enabled, and the Java Heap may be blocking the growth of the native heap
# Possible solutions:
#   Reduce memory load on the system
#   Increase physical memory or swap space
#   Check if swap backing store is full
#   Decrease Java heap size (-Xmx/-Xms)
#   Decrease number of Java threads
#   Decrease Java thread stack sizes (-Xss)
#   Set larger code cache with -XX:ReservedCodeCacheSize=
#   JVM is running with Unscaled Compressed Oops mode in which the Java heap is
#     placed in the first 4GB address space. The Java Heap base address is the
#     maximum limit for the native heap growth. Please use -XX:HeapBaseMinAddress
#     to set the Java Heap base and to place the Java Heap above 4GB virtual address.
# This output file may be truncated or incomplete.
#
#  Out of Memory Error (os_windows.cpp:3530), pid=5420, tid=8908
#
# JRE version:  (18.0.1.1+2) (build )
# Java VM: OpenJDK 64-Bit Server VM (18.0.1.1+2-6, mixed mode, sharing, tiered, compressed oops, compressed class ptrs, g1 gc, windows-amd64)
# No core dump will be written. Minidumps are not enabled by default on client versions of Windows
#

---------------  S U M M A R Y ------------

Command Line: -Dnet.bytebuddy.agent.attacher.dump= net.bytebuddy.agent.Attacher com.sun.tools.attach.VirtualMachine 16352 C:\Users\valen\.m2\repository\net\bytebuddy\byte-buddy-agent\1.14.11\byte-buddy-agent-1.14.11.jar false 

Host: AMD Ryzen 5 5500U with Radeon Graphics         , 12 cores, 7G,  Windows 11 , 64 bit Build 22621 (10.0.22621.3085)
Time: Thu Feb 15 01:27:28 2024 Hora est. PacÌfico, SudamÈrica elapsed time: 0.010100 seconds (0d 0h 0m 0s)

---------------  T H R E A D  ---------------

Current thread (0x0000014686220d80):  JavaThread "Unknown thread" [_thread_in_vm, id=8908, stack(0x000000117b700000,0x000000117b800000)]

Stack: [0x000000117b700000,0x000000117b800000]
Native frames: (J=compiled Java code, j=interpreted, Vv=VM code, C=native code)
V  [jvm.dll+0x69887a]
V  [jvm.dll+0x7f38bd]
V  [jvm.dll+0x7f51ce]
V  [jvm.dll+0x7f5883]
V  [jvm.dll+0x25ca3f]
V  [jvm.dll+0x6957c9]
V  [jvm.dll+0x68a2fa]
V  [jvm.dll+0x321efb]
V  [jvm.dll+0x3298d6]
V  [jvm.dll+0x37e47e]
V  [jvm.dll+0x37e6af]
V  [jvm.dll+0x2f9c7a]
V  [jvm.dll+0x2facdd]
V  [jvm.dll+0x7c24f0]
V  [jvm.dll+0x38b801]
V  [jvm.dll+0x7a1203]
V  [jvm.dll+0x40d6bf]
V  [jvm.dll+0x40f091]
C  [jli.dll+0x526b]
C  [ucrtbase.dll+0x29363]
C  [KERNEL32.DLL+0x1257d]
C  [ntdll.dll+0x5aa58]


---------------  P R O C E S S  ---------------

Threads class SMR info:
_java_thread_list=0x00007ffb623bd550, length=0, elements={
}

Java Threads: ( => current thread )

Other Threads:
  0x000001468627e210 WorkerThread "GC Thread#0" [stack: 0x000000117b800000,0x000000117b900000] [id=12904]
  0x00000146862aa7f0 ConcurrentGCThread "G1 Main Marker" [stack: 0x000000117b900000,0x000000117ba00000] [id=11324]
  0x00000146862ab1e0 WorkerThread "G1 Conc#0" [stack: 0x000000117ba00000,0x000000117bb00000] [id=12920]

[error occurred during error reporting (printing all threads), id 0xc0000005, EXCEPTION_ACCESS_VIOLATION (0xc0000005) at pc=0x00007ffb61bea217]

VM state: not at safepoint (not fully initialized)

VM Mutex/Monitor currently owned by a thread:  ([mutex/lock_event])
[0x000001468621cd40] Heap_lock - owner thread: 0x0000014686220d80

Heap address: 0x000000008a400000, size: 1884 MB, Compressed Oops mode: 32-bit

CDS archive(s) mapped at: [0x0000000000000000-0x0000000000000000-0x0000000000000000), size 0, SharedBaseAddress: 0x0000000800000000, ArchiveRelocationMode: 0.
Narrow klass base: 0x0000000000000000, Narrow klass shift: 0, Narrow klass range: 0x0

GC Precious Log:
 CardTable entry size: 512
 Card Set container configuration: InlinePtr #cards 5 size 8 Array Of Cards #cards 12 size 40 Howl #buckets 4 coarsen threshold 1843 Howl Bitmap #cards 512 size 80 coarsen threshold 460 Card regions per heap region 1 cards per card region 2048

Heap:
 garbage-first heap   total 0K, used 0K [0x000000008a400000, 0x0000000100000000)
  region size 1024K, 0 young (0K), 0 survivors (0K)

[error occurred during error reporting (printing heap information), id 0xc0000005, EXCEPTION_ACCESS_VIOLATION (0xc0000005) at pc=0x00007ffb61fd0cb9]

GC Heap History (0 events):
No events

Deoptimization events (0 events):
No events

Classes loaded (0 events):
No events

Classes unloaded (0 events):
No events

Classes redefined (0 events):
No events

Internal exceptions (0 events):
No events

VM Operations (0 events):
No events

Events (1 events):
Event: 0.006 Loaded shared library C:\Users\valen\.jdks\jdk-18.0.1.1\bin\java.dll


Dynamic libraries:
0x00007ff79e150000 - 0x00007ff79e15e000 	C:\Users\valen\.jdks\jdk-18.0.1.1\bin\java.exe
0x00007ffbe9bd0000 - 0x00007ffbe9de7000 	C:\WINDOWS\SYSTEM32\ntdll.dll
0x00007ffbe8f90000 - 0x00007ffbe9054000 	C:\WINDOWS\System32\KERNEL32.DLL
0x00007ffbe7450000 - 0x00007ffbe77f6000 	C:\WINDOWS\System32\KERNELBASE.dll
0x00007ffbe7330000 - 0x00007ffbe7441000 	C:\WINDOWS\System32\ucrtbase.dll
0x00007ffb71550000 - 0x00007ffb71567000 	C:\Users\valen\.jdks\jdk-18.0.1.1\bin\jli.dll
0x00007ffbbabf0000 - 0x00007ffbbac0a000 	C:\Users\valen\.jdks\jdk-18.0.1.1\bin\VCRUNTIME140.dll
0x00007ffbe8410000 - 0x00007ffbe85be000 	C:\WINDOWS\System32\USER32.dll
0x00007ffbe7080000 - 0x00007ffbe70a6000 	C:\WINDOWS\System32\win32u.dll
0x00007ffbd8eb0000 - 0x00007ffbd9143000 	C:\WINDOWS\WinSxS\amd64_microsoft.windows.common-controls_6595b64144ccf1df_6.0.22621.2506_none_270c5ae97388e100\COMCTL32.dll
0x00007ffbe7da0000 - 0x00007ffbe7dc9000 	C:\WINDOWS\System32\GDI32.dll
0x00007ffbe8c10000 - 0x00007ffbe8cb7000 	C:\WINDOWS\System32\msvcrt.dll
0x00007ffbe7800000 - 0x00007ffbe7918000 	C:\WINDOWS\System32\gdi32full.dll
0x00007ffbe70b0000 - 0x00007ffbe714a000 	C:\WINDOWS\System32\msvcp_win.dll
0x00007ffbe9ad0000 - 0x00007ffbe9b01000 	C:\WINDOWS\System32\IMM32.DLL
0x00007ffbbcea0000 - 0x00007ffbbceac000 	C:\Users\valen\.jdks\jdk-18.0.1.1\bin\vcruntime140_1.dll
0x00007ffb64030000 - 0x00007ffb640bd000 	C:\Users\valen\.jdks\jdk-18.0.1.1\bin\msvcp140.dll
0x00007ffb618e0000 - 0x00007ffb624f0000 	C:\Users\valen\.jdks\jdk-18.0.1.1\bin\server\jvm.dll
0x00007ffbe8350000 - 0x00007ffbe8403000 	C:\WINDOWS\System32\ADVAPI32.dll
0x00007ffbe9060000 - 0x00007ffbe9108000 	C:\WINDOWS\System32\sechost.dll
0x00007ffbe7050000 - 0x00007ffbe7078000 	C:\WINDOWS\System32\bcrypt.dll
0x00007ffbe85c0000 - 0x00007ffbe86d7000 	C:\WINDOWS\System32\RPCRT4.dll
0x00007ffbe8b50000 - 0x00007ffbe8b58000 	C:\WINDOWS\System32\PSAPI.DLL
0x00007ffbdd590000 - 0x00007ffbdd59a000 	C:\WINDOWS\SYSTEM32\VERSION.dll
0x00007ffbe3880000 - 0x00007ffbe38b4000 	C:\WINDOWS\SYSTEM32\WINMM.dll
0x00007ffbba680000 - 0x00007ffbba689000 	C:\WINDOWS\SYSTEM32\WSOCK32.dll
0x00007ffbe8ad0000 - 0x00007ffbe8b41000 	C:\WINDOWS\System32\WS2_32.dll
0x00007ffbe5eb0000 - 0x00007ffbe5ec8000 	C:\WINDOWS\SYSTEM32\kernel.appcore.dll
0x00007ffbb5060000 - 0x00007ffbb506a000 	C:\Users\valen\.jdks\jdk-18.0.1.1\bin\jimage.dll
0x00007ffbe4290000 - 0x00007ffbe44c3000 	C:\WINDOWS\SYSTEM32\DBGHELP.DLL
0x00007ffbe7fc0000 - 0x00007ffbe8349000 	C:\WINDOWS\System32\combase.dll
0x00007ffbe8d10000 - 0x00007ffbe8de7000 	C:\WINDOWS\System32\OLEAUT32.dll
0x00007ffbd8c90000 - 0x00007ffbd8cc2000 	C:\WINDOWS\SYSTEM32\dbgcore.DLL
0x00007ffbe6fd0000 - 0x00007ffbe704a000 	C:\WINDOWS\System32\bcryptPrimitives.dll
0x00007ffb60d30000 - 0x00007ffb60d55000 	C:\Users\valen\.jdks\jdk-18.0.1.1\bin\java.dll

dbghelp: loaded successfully - version: 4.0.5 - missing functions: none
symbol engine: initialized successfully - sym options: 0x614 - pdb path: .;C:\Users\valen\.jdks\jdk-18.0.1.1\bin;C:\WINDOWS\SYSTEM32;C:\WINDOWS\WinSxS\amd64_microsoft.windows.common-controls_6595b64144ccf1df_6.0.22621.2506_none_270c5ae97388e100;C:\Users\valen\.jdks\jdk-18.0.1.1\bin\server

VM Arguments:
jvm_args: -Dnet.bytebuddy.agent.attacher.dump= 
java_command: net.bytebuddy.agent.Attacher com.sun.tools.attach.VirtualMachine 16352 C:\Users\valen\.m2\repository\net\bytebuddy\byte-buddy-agent\1.14.11\byte-buddy-agent-1.14.11.jar false 
java_class_path (initial): C:\Users\valen\.m2\repository\net\bytebuddy\byte-buddy-agent\1.14.11\byte-buddy-agent-1.14.11.jar
Launcher Type: SUN_STANDARD

[Global flags]
     intx CICompilerCount                          = 4                                         {product} {ergonomic}
     uint ConcGCThreads                            = 3                                         {product} {ergonomic}
     uint G1ConcRefinementThreads                  = 10                                        {product} {ergonomic}
   size_t G1HeapRegionSize                         = 1048576                                   {product} {ergonomic}
    uintx GCDrainStackTargetSize                   = 64                                        {product} {ergonomic}
   size_t InitialHeapSize                          = 123731968                                 {product} {ergonomic}
   size_t MarkStackSize                            = 4194304                                   {product} {ergonomic}
   size_t MaxHeapSize                              = 1975517184                                {product} {ergonomic}
   size_t MinHeapDeltaBytes                        = 1048576                                   {product} {ergonomic}
   size_t MinHeapSize                              = 8388608                                   {product} {ergonomic}
    uintx NonNMethodCodeHeapSize                   = 5839372                                {pd product} {ergonomic}
    uintx NonProfiledCodeHeapSize                  = 122909434                              {pd product} {ergonomic}
    uintx ProfiledCodeHeapSize                     = 122909434                              {pd product} {ergonomic}
    uintx ReservedCodeCacheSize                    = 251658240                              {pd product} {ergonomic}
     bool SegmentedCodeCache                       = true                                      {product} {ergonomic}
   size_t SoftMaxHeapSize                          = 1975517184                             {manageable} {ergonomic}
     bool UseCompressedClassPointers               = true                           {product lp64_product} {ergonomic}
     bool UseCompressedOops                        = true                           {product lp64_product} {ergonomic}
     bool UseG1GC                                  = true                                      {product} {ergonomic}
     bool UseLargePagesIndividualAllocation        = false                                  {pd product} {ergonomic}

Logging:
Log output configuration:
 #0: stdout all=warning uptime,level,tags foldmultilines=false
 #1: stderr all=off uptime,level,tags foldmultilines=false

Environment Variables:
PATH=C:\ProgramData\Oracle\Java\javapath;C:\Python310\Scripts\;C:\Python310\;C:\Program Files\Common Files\Oracle\Java\javapath;C:\WINDOWS\system32;C:\WINDOWS;C:\WINDOWS\System32\Wbem;C:\WINDOWS\System32\WindowsPowerShell\v1.0\;C:\WINDOWS\System32\OpenSSH\;C:\Program Files\Git\cmd;C:\Program Files\nodejs\;C:\ProgramData\chocolatey\bin;C:\Program Files\NetMake\v9-php73\components\php;C:\Users\valen\AppData\Roaming\npm;C:\Users\valen\AppData\Roaming\npm\node_modules\angular-cli\bin\;C:\Program Files\apache-maven-3.8.6\bin;C:\Program Files\MySQL\MySQL Shell 8.0\bin\;C:\Users\valen\AppData\Local\Microsoft\WindowsApps;C:\Users\valen\AppData\Local\Programs\Microsoft VS Code\bin;C:\Users\valen\AppData\Roaming\npm;C:\Users\valen\AppData\Local\GitHubDesktop\bin;C:\Users\valen\Downloads\apache-maven-3.6.3\bin;C:\Users\valen\GlassFish_Server\bin;
USERNAME=Andr√©s
OS=Windows_NT
PROCESSOR_IDENTIFIER=AMD64 Family 23 Model 104 Stepping 1, AuthenticAMD



---------------  S Y S T E M  ---------------

OS:
 Windows 11 , 64 bit Build 22621 (10.0.22621.3085)
OS uptime: 0 days 1:28 hours
Hyper-V role detected

CPU: total 12 (initial active 12) (12 cores per cpu, 2 threads per core) family 23 model 104 stepping 1 microcode 0x0, cx8, cmov, fxsr, ht, mmx, 3dnowpref, sse, sse2, sse3, ssse3, sse4a, sse4.1, sse4.2, popcnt, lzcnt, tsc, tscinvbit, avx, avx2, aes, clmul, bmi1, bmi2, adx, sha, fma, vzeroupper, clflush, clflushopt, hv

Memory: 4k page, system-wide physical 7530M (387M free)
TotalPageFile size 31082M (AvailPageFile size 92M)
current process WorkingSet (physical memory assigned to process): 11M, peak: 11M
current process commit charge ("private bytes"): 64M, peak: 182M

vm_info: OpenJDK 64-Bit Server VM (18.0.1.1+2-6) for windows-amd64 JRE (18.0.1.1+2-6), built on Apr 25 2022 21:50:56 by "mach5one" with MS VC++ 16.8 / 16.9 (VS2019)

END.
